Build started 9/26/2015 3:39:20 PM.
     1>Project "C:\Users\rehuf\OneDrive\Documents\GitHub\Learning\Board-Games\Board-Games\Board-Games.vcxproj" on node 2 (Build target(s)).
     1>ClCompile:
         F:\Program Files (x86)\Microsoft Visual Studio 14.0\VC\bin\CL.exe /c /ZI /nologo /W3 /WX- /sdl /Od /Oy- /D WIN32 /D _DEBUG /D _CONSOLE /D _LIB /D _UNICODE /D UNICODE /Gm /EHsc /RTC1 /MDd /GS /fp:precise /Zc:wchar_t /Zc:forScope /Zc:inline /Yc"stdafx.h" /Fp"Debug\Board-Games.pch" /Fo"Debug\\" /Fd"Debug\vc140.pdb" /Gd /TP /analyze- /errorReport:prompt stdafx.cpp
         stdafx.cpp
         F:\Program Files (x86)\Microsoft Visual Studio 14.0\VC\bin\CL.exe /c /ZI /nologo /W3 /WX- /sdl /Od /Oy- /D WIN32 /D _DEBUG /D _CONSOLE /D _LIB /D _UNICODE /D UNICODE /Gm /EHsc /RTC1 /MDd /GS /fp:precise /Zc:wchar_t /Zc:forScope /Zc:inline /Yu"stdafx.h" /Fp"Debug\Board-Games.pch" /Fo"Debug\\" /Fd"Debug\vc140.pdb" /Gd /TP /analyze- /errorReport:prompt "Board-Games.cpp" Board.cpp ConnectFour.cpp Game.cpp GameBase.cpp Player.cpp TicTacToe.cpp
         TicTacToe.cpp
     1>c:\users\rehuf\onedrive\documents\github\learning\board-games\board-games\tictactoe.cpp(88): error C2143: syntax error: missing ')' before '?'
     1>c:\users\rehuf\onedrive\documents\github\learning\board-games\board-games\tictactoe.cpp(88): error C2143: syntax error: missing ';' before '?'
     1>c:\users\rehuf\onedrive\documents\github\learning\board-games\board-games\tictactoe.cpp(88): error C2761: 'int TicTacToe::alphabeta(int,int,int,int,bool)': member function redeclaration not allowed
     1>c:\users\rehuf\onedrive\documents\github\learning\board-games\board-games\tictactoe.cpp(88): error C2059: syntax error: '?'
     1>c:\users\rehuf\onedrive\documents\github\learning\board-games\board-games\tictactoe.cpp(88): error C2059: syntax error: ')'
     1>c:\users\rehuf\onedrive\documents\github\learning\board-games\board-games\tictactoe.cpp(89): error C2143: syntax error: missing ';' before '{'
     1>c:\users\rehuf\onedrive\documents\github\learning\board-games\board-games\tictactoe.cpp(89): error C2447: '{': missing function header (old-style formal list?)
         Player.cpp
         GameBase.cpp
         Game.cpp
         ConnectFour.cpp
         Board.cpp
         Board-Games.cpp
         Generating Code...
     1>c:\users\rehuf\onedrive\documents\github\learning\board-games\board-games\game.cpp(78): warning C4715: 'Game::showMenu': not all control paths return a value
     1>Done Building Project "C:\Users\rehuf\OneDrive\Documents\GitHub\Learning\Board-Games\Board-Games\Board-Games.vcxproj" (Build target(s)) -- FAILED.

Build FAILED.

Time Elapsed 00:00:03.26
